<?xml version="1.0" encoding="UTF-8"?>
<!-- Generated by org.testng.reporters.JUnitXMLReporter -->
<testsuite ignored="0" hostname="AD" failures="2" tests="3" name="Surefire test" time="17.523" errors="0" timestamp="2024-05-22T14:53:33 EDT">
  <testcase classname="api.test.userPOSTInvalidTest" name="testPOSTInvalidRequests" time="9.878">
    <failure type="java.lang.AssertionError" message="Expected status to be 400 but found: 201 expected [400] but found [201]">
      <![CDATA[java.lang.AssertionError: Expected status to be 400 but found: 201 expected [400] but found [201]
at api.test.userPOSTInvalidTest.performPutRequest(userPOSTInvalidTest.java:105)
at api.test.userPOSTInvalidTest.testPOSTInvalidRequests(userPOSTInvalidTest.java:80)
at java.base/java.util.ArrayList.forEach(ArrayList.java:1596)
... Removed 36 stack frames]]>
    </failure>
  </testcase> <!-- testPOSTInvalidRequests -->
  <testcase classname="api.test.userTest" name="testUsingUserObject" time="1.089"/>
  <testcase classname="api.test.userTest" name="testPutRequests" time="6.508">
    <failure type="java.lang.AssertionError" message="Expected status to be 409 but found: 400 expected [409] but found [400]">
      <![CDATA[java.lang.AssertionError: Expected status to be 409 but found: 400 expected [409] but found [400]
at api.test.userTest.performPutRequest(userTest.java:143)
at api.test.userTest.testPutRequests(userTest.java:118)
at java.base/java.util.ArrayList.forEach(ArrayList.java:1596)
... Removed 36 stack frames]]>
    </failure>
  </testcase> <!-- testPutRequests -->
</testsuite> <!-- Surefire test -->
