<?xml version="1.0" encoding="UTF-8"?>
<!-- Generated by org.testng.reporters.JUnitXMLReporter -->
<testsuite ignored="0" hostname="AD" failures="2" tests="3" name="Test" time="10.94" errors="0" timestamp="2024-05-22T14:58:35 EDT">
  <testcase classname="api.test.userTest" name="testUsingUserObject" time="3.374"/>
  <testcase classname="api.test.userTest" name="testPutRequests" time="6.652">
    <failure type="java.lang.AssertionError" message="Expected status to be 409 but found: 400 expected [409] but found [400]">
      <![CDATA[java.lang.AssertionError: Expected status to be 409 but found: 400 expected [409] but found [400]
at api.test.userTest.performPutRequest(userTest.java:143)
at api.test.userTest.testPutRequests(userTest.java:118)
at java.base/java.util.ArrayList.forEach(ArrayList.java:1596)
... Removed 35 stack frames]]>
    </failure>
  </testcase> <!-- testPutRequests -->
  <testcase classname="api.test.userPOSTInvalidTest" name="testPOSTInvalidRequests" time="0.856">
    <failure type="java.lang.AssertionError" message="Expected status to be 400 but found: 409 expected [400] but found [409]">
      <![CDATA[java.lang.AssertionError: Expected status to be 400 but found: 409 expected [400] but found [409]
at api.test.userPOSTInvalidTest.performPutRequest(userPOSTInvalidTest.java:105)
at api.test.userPOSTInvalidTest.testPOSTInvalidRequests(userPOSTInvalidTest.java:80)
at java.base/java.util.ArrayList.forEach(ArrayList.java:1596)
... Removed 35 stack frames]]>
    </failure>
  </testcase> <!-- testPOSTInvalidRequests -->
</testsuite> <!-- Test -->
