<?xml version="1.0" encoding="UTF-8"?>
<testsuite xmlns:xsi="http://www.w3.org/2001/XMLSchema-instance" xsi:noNamespaceSchemaLocation="https://maven.apache.org/surefire/maven-surefire-plugin/xsd/surefire-test-report-3.0.xsd" version="3.0" name="TestSuite" time="11.443" tests="3" errors="0" skipped="0" failures="2">
  <properties>
[...]
</properties>
  <testcase name="testUsingUserObject[org.testng.TestRunner@c0c2f8d](1)" classname="api.test.userTest" time="3.374">
    <system-out><![CDATA[HTTP/1.1 201 
Server: Cowboy
Report-To: {"group":"heroku-nel","max_age":3600,"endpoints":[{"url":"https://nel.heroku.com/reports?ts=1716404305&sid=e11707d5-02a7-43ef-b45e-2cf4d2036f7d&s=xzVd2uDN4jeSs26GeXx7B5jz5k5VUPSAoGR1fWju1iU%3D"}]}
Reporting-Endpoints: heroku-nel=https://nel.heroku.com/reports?ts=1716404305&sid=e11707d5-02a7-43ef-b45e-2cf4d2036f7d&s=xzVd2uDN4jeSs26GeXx7B5jz5k5VUPSAoGR1fWju1iU%3D
Nel: {"report_to":"heroku-nel","max_age":3600,"success_fraction":0.005,"failure_fraction":0.05,"response_headers":["Via"]}
Connection: keep-alive
Set-Cookie: JSESSIONID=0A92F1A29C8E9A077A0BAB574E4C4AA7; Path=/; Secure; HttpOnly
X-Content-Type-Options: nosniff
X-Xss-Protection: 1; mode=block
Cache-Control: no-cache, no-store, max-age=0, must-revalidate
Pragma: no-cache
Expires: 0
Strict-Transport-Security: max-age=31536000 ; includeSubDomains
X-Frame-Options: DENY
Content-Type: application/json
Transfer-Encoding: chunked
Date: Wed, 22 May 2024 18:58:25 GMT
Via: 1.1 vegur

{
    "userAddress": {
        "addressId": 8400,
        "plotNumber": "307-B",
        "street": "laplace",
        "state": "PA",
        "country": "USA",
        "zipCode": 12345
    },
    "user_id": 8399,
    "user_first_name": "RAVEN",
    "user_last_name": "RAVEN",
    "user_contact_number": 9060807766,
    "user_email_id": "raven1@gmail.com",
    "creation_time": "2024-05-22T18:58:25.484+00:00",
    "last_mod_time": "2024-05-22T18:58:25.484+00:00"
}
Response body:
{"userAddress":{"addressId":8400,"plotNumber":"307-B","street":"laplace","state":"PA","country":"USA","zipCode":12345},"user_id":8399,"user_first_name":"RAVEN","user_last_name":"RAVEN","user_contact_number":9060807766,"user_email_id":"raven1@gmail.com","creation_time":"2024-05-22T18:58:25.484+00:00","last_mod_time":"2024-05-22T18:58:25.484+00:00"}
User ID: 8399
]]></system-out>
    <system-err><![CDATA[SLF4J: Failed to load class "org.slf4j.impl.StaticLoggerBinder".
SLF4J: Defaulting to no-operation (NOP) logger implementation
SLF4J: See http://www.slf4j.org/codes.html#StaticLoggerBinder for further details.
]]></system-err>
  </testcase>
  <testcase name="testPutRequests[org.testng.TestRunner@c0c2f8d](1)" classname="api.test.userTest" time="6.654">
    <failure message="Expected status to be 409 but found: 400 expected [409] but found [400]" type="java.lang.AssertionError"><![CDATA[java.lang.AssertionError: Expected status to be 409 but found: 400 expected [409] but found [400]
	at org.testng.Assert.fail(Assert.java:111)
	at org.testng.Assert.failNotEquals(Assert.java:1578)
	at org.testng.Assert.assertEqualsImpl(Assert.java:150)
	at org.testng.Assert.assertEquals(Assert.java:132)
	at org.testng.Assert.assertEquals(Assert.java:1419)
	at org.testng.Assert.assertEquals(Assert.java:1383)
	at api.test.userTest.performPutRequest(userTest.java:143)
	at api.test.userTest.testPutRequests(userTest.java:118)
	at java.base/jdk.internal.reflect.DirectMethodHandleAccessor.invoke(DirectMethodHandleAccessor.java:103)
	at java.base/java.lang.reflect.Method.invoke(Method.java:580)
	at org.testng.internal.invokers.MethodInvocationHelper.invokeMethod(MethodInvocationHelper.java:141)
	at org.testng.internal.invokers.TestInvoker.invokeMethod(TestInvoker.java:686)
	at org.testng.internal.invokers.TestInvoker.invokeTestMethod(TestInvoker.java:230)
	at org.testng.internal.invokers.MethodRunner.runInSequence(MethodRunner.java:63)
	at org.testng.internal.invokers.TestInvoker$MethodInvocationAgent.invoke(TestInvoker.java:992)
	at org.testng.internal.invokers.TestInvoker.invokeTestMethods(TestInvoker.java:203)
	at org.testng.internal.invokers.TestMethodWorker.invokeTestMethods(TestMethodWorker.java:154)
	at org.testng.internal.invokers.TestMethodWorker.run(TestMethodWorker.java:134)
	at java.base/java.util.ArrayList.forEach(ArrayList.java:1596)
	at org.testng.TestRunner.privateRun(TestRunner.java:739)
	at org.testng.TestRunner.run(TestRunner.java:614)
	at org.testng.SuiteRunner.runTest(SuiteRunner.java:421)
	at org.testng.SuiteRunner.runSequentially(SuiteRunner.java:413)
	at org.testng.SuiteRunner.privateRun(SuiteRunner.java:373)
	at org.testng.SuiteRunner.run(SuiteRunner.java:312)
	at org.testng.SuiteRunnerWorker.runSuite(SuiteRunnerWorker.java:52)
	at org.testng.SuiteRunnerWorker.run(SuiteRunnerWorker.java:95)
	at org.testng.TestNG.runSuitesSequentially(TestNG.java:1274)
	at org.testng.TestNG.runSuitesLocally(TestNG.java:1208)
	at org.testng.TestNG.runSuites(TestNG.java:1112)
	at org.testng.TestNG.run(TestNG.java:1079)
	at org.apache.maven.surefire.testng.TestNGExecutor.run(TestNGExecutor.java:308)
	at org.apache.maven.surefire.testng.TestNGXmlTestSuite.execute(TestNGXmlTestSuite.java:71)
	at org.apache.maven.surefire.testng.TestNGProvider.invoke(TestNGProvider.java:113)
	at org.apache.maven.surefire.booter.ForkedBooter.runSuitesInProcess(ForkedBooter.java:385)
	at org.apache.maven.surefire.booter.ForkedBooter.execute(ForkedBooter.java:162)
	at org.apache.maven.surefire.booter.ForkedBooter.run(ForkedBooter.java:507)
	at org.apache.maven.surefire.booter.ForkedBooter.main(ForkedBooter.java:495)
]]></failure>
    <system-out><![CDATA[HTTP/1.1 400 
Server: Cowboy
Report-To: {"group":"heroku-nel","max_age":3600,"endpoints":[{"url":"https://nel.heroku.com/reports?ts=1716404306&sid=e11707d5-02a7-43ef-b45e-2cf4d2036f7d&s=cNe8u7GLkA1xboJO97hBZDQtVVzYW5ILHnTMP%2FVhPeM%3D"}]}
Reporting-Endpoints: heroku-nel=https://nel.heroku.com/reports?ts=1716404306&sid=e11707d5-02a7-43ef-b45e-2cf4d2036f7d&s=cNe8u7GLkA1xboJO97hBZDQtVVzYW5ILHnTMP%2FVhPeM%3D
Nel: {"report_to":"heroku-nel","max_age":3600,"success_fraction":0.005,"failure_fraction":0.05,"response_headers":["Via"]}
Connection: keep-alive
Set-Cookie: JSESSIONID=15C6D92CE27E99CA6EC34734707577D4; Path=/; Secure; HttpOnly
X-Content-Type-Options: nosniff
X-Xss-Protection: 1; mode=block
Cache-Control: no-cache, no-store, max-age=0, must-revalidate
Pragma: no-cache
Expires: 0
Strict-Transport-Security: max-age=31536000 ; includeSubDomains
X-Frame-Options: DENY
Content-Type: application/json
Transfer-Encoding: chunked
Date: Wed, 22 May 2024 18:58:26 GMT
Via: 1.1 vegur

{
    "status": "400 BAD_REQUEST",
    "message": "Phone Number is required and should contains 10 numeric values only"
}
0
HTTP/1.1 400 
Server: Cowboy
Report-To: {"group":"heroku-nel","max_age":3600,"endpoints":[{"url":"https://nel.heroku.com/reports?ts=1716404307&sid=e11707d5-02a7-43ef-b45e-2cf4d2036f7d&s=H0Wol%2Fe4YPL1jLYPTNg5GQOp%2Bl%2B2NYqi9oNfC%2BXcqdg%3D"}]}
Reporting-Endpoints: heroku-nel=https://nel.heroku.com/reports?ts=1716404307&sid=e11707d5-02a7-43ef-b45e-2cf4d2036f7d&s=H0Wol%2Fe4YPL1jLYPTNg5GQOp%2Bl%2B2NYqi9oNfC%2BXcqdg%3D
Nel: {"report_to":"heroku-nel","max_age":3600,"success_fraction":0.005,"failure_fraction":0.05,"response_headers":["Via"]}
Connection: keep-alive
Set-Cookie: JSESSIONID=DC22C7CDD8D386767BD78D80FFAC0142; Path=/; Secure; HttpOnly
X-Content-Type-Options: nosniff
X-Xss-Protection: 1; mode=block
Cache-Control: no-cache, no-store, max-age=0, must-revalidate
Pragma: no-cache
Expires: 0
Strict-Transport-Security: max-age=31536000 ; includeSubDomains
X-Frame-Options: DENY
Content-Type: application/json
Transfer-Encoding: chunked
Date: Wed, 22 May 2024 18:58:26 GMT
Via: 1.1 vegur

{
    "status": "400 BAD_REQUEST",
    "message": "Contact number is already in use by another user"
}
1
HTTP/1.1 400 
Server: Cowboy
Report-To: {"group":"heroku-nel","max_age":3600,"endpoints":[{"url":"https://nel.heroku.com/reports?ts=1716404307&sid=e11707d5-02a7-43ef-b45e-2cf4d2036f7d&s=H0Wol%2Fe4YPL1jLYPTNg5GQOp%2Bl%2B2NYqi9oNfC%2BXcqdg%3D"}]}
Reporting-Endpoints: heroku-nel=https://nel.heroku.com/reports?ts=1716404307&sid=e11707d5-02a7-43ef-b45e-2cf4d2036f7d&s=H0Wol%2Fe4YPL1jLYPTNg5GQOp%2Bl%2B2NYqi9oNfC%2BXcqdg%3D
Nel: {"report_to":"heroku-nel","max_age":3600,"success_fraction":0.005,"failure_fraction":0.05,"response_headers":["Via"]}
Connection: keep-alive
Set-Cookie: JSESSIONID=EFF6F85FD0417B8B4FEDD7333651A6B2; Path=/; Secure; HttpOnly
X-Content-Type-Options: nosniff
X-Xss-Protection: 1; mode=block
Cache-Control: no-cache, no-store, max-age=0, must-revalidate
Pragma: no-cache
Expires: 0
Strict-Transport-Security: max-age=31536000 ; includeSubDomains
X-Frame-Options: DENY
Content-Type: application/json
Transfer-Encoding: chunked
Date: Wed, 22 May 2024 18:58:26 GMT
Via: 1.1 vegur

{
    "status": "400 BAD_REQUEST",
    "message": "Phone Number is required and should contains 10 numeric values only"
}
2
HTTP/1.1 400 
Server: Cowboy
Report-To: {"group":"heroku-nel","max_age":3600,"endpoints":[{"url":"https://nel.heroku.com/reports?ts=1716404307&sid=e11707d5-02a7-43ef-b45e-2cf4d2036f7d&s=H0Wol%2Fe4YPL1jLYPTNg5GQOp%2Bl%2B2NYqi9oNfC%2BXcqdg%3D"}]}
Reporting-Endpoints: heroku-nel=https://nel.heroku.com/reports?ts=1716404307&sid=e11707d5-02a7-43ef-b45e-2cf4d2036f7d&s=H0Wol%2Fe4YPL1jLYPTNg5GQOp%2Bl%2B2NYqi9oNfC%2BXcqdg%3D
Nel: {"report_to":"heroku-nel","max_age":3600,"success_fraction":0.005,"failure_fraction":0.05,"response_headers":["Via"]}
Connection: keep-alive
Set-Cookie: JSESSIONID=A9001320CC6DEB4707E221EEE647FB24; Path=/; Secure; HttpOnly
X-Content-Type-Options: nosniff
X-Xss-Protection: 1; mode=block
Cache-Control: no-cache, no-store, max-age=0, must-revalidate
Pragma: no-cache
Expires: 0
Strict-Transport-Security: max-age=31536000 ; includeSubDomains
X-Frame-Options: DENY
Content-Type: application/json
Transfer-Encoding: chunked
Date: Wed, 22 May 2024 18:58:27 GMT
Via: 1.1 vegur

{
    "status": "400 BAD_REQUEST",
    "message": "Contact number is already in use by another user"
}
3
HTTP/1.1 400 
Server: Cowboy
Report-To: {"group":"heroku-nel","max_age":3600,"endpoints":[{"url":"https://nel.heroku.com/reports?ts=1716404308&sid=e11707d5-02a7-43ef-b45e-2cf4d2036f7d&s=IRjrVq57y2D1qGdWrdLay5lV7Ox9fgDLBH1FvznwvCQ%3D"}]}
Reporting-Endpoints: heroku-nel=https://nel.heroku.com/reports?ts=1716404308&sid=e11707d5-02a7-43ef-b45e-2cf4d2036f7d&s=IRjrVq57y2D1qGdWrdLay5lV7Ox9fgDLBH1FvznwvCQ%3D
Nel: {"report_to":"heroku-nel","max_age":3600,"success_fraction":0.005,"failure_fraction":0.05,"response_headers":["Via"]}
Connection: keep-alive
Set-Cookie: JSESSIONID=5ED40CEB846ECB9F41694BAEDAA22329; Path=/; Secure; HttpOnly
X-Content-Type-Options: nosniff
X-Xss-Protection: 1; mode=block
Cache-Control: no-cache, no-store, max-age=0, must-revalidate
Pragma: no-cache
Expires: 0
Strict-Transport-Security: max-age=31536000 ; includeSubDomains
X-Frame-Options: DENY
Content-Type: application/json
Transfer-Encoding: chunked
Date: Wed, 22 May 2024 18:58:27 GMT
Via: 1.1 vegur

{
    "status": "400 BAD_REQUEST",
    "message": "Contact number is already in use by another user"
}
4
HTTP/1.1 400 
Server: Cowboy
Report-To: {"group":"heroku-nel","max_age":3600,"endpoints":[{"url":"https://nel.heroku.com/reports?ts=1716404308&sid=e11707d5-02a7-43ef-b45e-2cf4d2036f7d&s=IRjrVq57y2D1qGdWrdLay5lV7Ox9fgDLBH1FvznwvCQ%3D"}]}
Reporting-Endpoints: heroku-nel=https://nel.heroku.com/reports?ts=1716404308&sid=e11707d5-02a7-43ef-b45e-2cf4d2036f7d&s=IRjrVq57y2D1qGdWrdLay5lV7Ox9fgDLBH1FvznwvCQ%3D
Nel: {"report_to":"heroku-nel","max_age":3600,"success_fraction":0.005,"failure_fraction":0.05,"response_headers":["Via"]}
Connection: keep-alive
Set-Cookie: JSESSIONID=F4EE92D2687347CE9ED79735D168819F; Path=/; Secure; HttpOnly
X-Content-Type-Options: nosniff
X-Xss-Protection: 1; mode=block
Cache-Control: no-cache, no-store, max-age=0, must-revalidate
Pragma: no-cache
Expires: 0
Strict-Transport-Security: max-age=31536000 ; includeSubDomains
X-Frame-Options: DENY
Content-Type: application/json
Transfer-Encoding: chunked
Date: Wed, 22 May 2024 18:58:29 GMT
Via: 1.1 vegur

{
    "status": "400 BAD_REQUEST",
    "message": "Contact number is already in use by another user"
}
5
HTTP/1.1 400 
Server: Cowboy
Report-To: {"group":"heroku-nel","max_age":3600,"endpoints":[{"url":"https://nel.heroku.com/reports?ts=1716404309&sid=e11707d5-02a7-43ef-b45e-2cf4d2036f7d&s=DZlYiNmQ9U%2B4CfIRPd34kUaLHMXuLO88q%2FfaZfCtMmg%3D"}]}
Reporting-Endpoints: heroku-nel=https://nel.heroku.com/reports?ts=1716404309&sid=e11707d5-02a7-43ef-b45e-2cf4d2036f7d&s=DZlYiNmQ9U%2B4CfIRPd34kUaLHMXuLO88q%2FfaZfCtMmg%3D
Nel: {"report_to":"heroku-nel","max_age":3600,"success_fraction":0.005,"failure_fraction":0.05,"response_headers":["Via"]}
Connection: keep-alive
Set-Cookie: JSESSIONID=3A75994428286DC9BE4404CA4C4DF3F2; Path=/; Secure; HttpOnly
X-Content-Type-Options: nosniff
X-Xss-Protection: 1; mode=block
Cache-Control: no-cache, no-store, max-age=0, must-revalidate
Pragma: no-cache
Expires: 0
Strict-Transport-Security: max-age=31536000 ; includeSubDomains
X-Frame-Options: DENY
Content-Type: application/json
Transfer-Encoding: chunked
Date: Wed, 22 May 2024 18:58:29 GMT
Via: 1.1 vegur

{
    "status": "400 BAD_REQUEST",
    "message": "Contact number is already in use by another user"
}
6
HTTP/1.1 400 
Server: Cowboy
Report-To: {"group":"heroku-nel","max_age":3600,"endpoints":[{"url":"https://nel.heroku.com/reports?ts=1716404309&sid=e11707d5-02a7-43ef-b45e-2cf4d2036f7d&s=DZlYiNmQ9U%2B4CfIRPd34kUaLHMXuLO88q%2FfaZfCtMmg%3D"}]}
Reporting-Endpoints: heroku-nel=https://nel.heroku.com/reports?ts=1716404309&sid=e11707d5-02a7-43ef-b45e-2cf4d2036f7d&s=DZlYiNmQ9U%2B4CfIRPd34kUaLHMXuLO88q%2FfaZfCtMmg%3D
Nel: {"report_to":"heroku-nel","max_age":3600,"success_fraction":0.005,"failure_fraction":0.05,"response_headers":["Via"]}
Connection: keep-alive
Set-Cookie: JSESSIONID=EA60B13B05895B0F8B1781D8250FD88A; Path=/; Secure; HttpOnly
X-Content-Type-Options: nosniff
X-Xss-Protection: 1; mode=block
Cache-Control: no-cache, no-store, max-age=0, must-revalidate
Pragma: no-cache
Expires: 0
Strict-Transport-Security: max-age=31536000 ; includeSubDomains
X-Frame-Options: DENY
Content-Type: application/json
Transfer-Encoding: chunked
Date: Wed, 22 May 2024 18:58:29 GMT
Via: 1.1 vegur

{
    "status": "400 BAD_REQUEST",
    "message": "Contact number is already in use by another user"
}
7
HTTP/1.1 400 
Server: Cowboy
Report-To: {"group":"heroku-nel","max_age":3600,"endpoints":[{"url":"https://nel.heroku.com/reports?ts=1716404310&sid=e11707d5-02a7-43ef-b45e-2cf4d2036f7d&s=6W5UXHVcMso86OsqO3apc6djs4PkyNil7FGqTIHecb0%3D"}]}
Reporting-Endpoints: heroku-nel=https://nel.heroku.com/reports?ts=1716404310&sid=e11707d5-02a7-43ef-b45e-2cf4d2036f7d&s=6W5UXHVcMso86OsqO3apc6djs4PkyNil7FGqTIHecb0%3D
Nel: {"report_to":"heroku-nel","max_age":3600,"success_fraction":0.005,"failure_fraction":0.05,"response_headers":["Via"]}
Connection: keep-alive
Set-Cookie: JSESSIONID=F278EC5B0ECC5B94A19878755127FC86; Path=/; Secure; HttpOnly
X-Content-Type-Options: nosniff
X-Xss-Protection: 1; mode=block
Cache-Control: no-cache, no-store, max-age=0, must-revalidate
Pragma: no-cache
Expires: 0
Strict-Transport-Security: max-age=31536000 ; includeSubDomains
X-Frame-Options: DENY
Content-Type: application/json
Transfer-Encoding: chunked
Date: Wed, 22 May 2024 18:58:30 GMT
Via: 1.1 vegur

{
    "status": "400 BAD_REQUEST",
    "message": "Contact number is already in use by another user"
}
8
HTTP/1.1 400 
Server: Cowboy
Report-To: {"group":"heroku-nel","max_age":3600,"endpoints":[{"url":"https://nel.heroku.com/reports?ts=1716404310&sid=e11707d5-02a7-43ef-b45e-2cf4d2036f7d&s=6W5UXHVcMso86OsqO3apc6djs4PkyNil7FGqTIHecb0%3D"}]}
Reporting-Endpoints: heroku-nel=https://nel.heroku.com/reports?ts=1716404310&sid=e11707d5-02a7-43ef-b45e-2cf4d2036f7d&s=6W5UXHVcMso86OsqO3apc6djs4PkyNil7FGqTIHecb0%3D
Nel: {"report_to":"heroku-nel","max_age":3600,"success_fraction":0.005,"failure_fraction":0.05,"response_headers":["Via"]}
Connection: keep-alive
Set-Cookie: JSESSIONID=789A100C8D19DB054638FF2616E3BEFF; Path=/; Secure; HttpOnly
X-Content-Type-Options: nosniff
X-Xss-Protection: 1; mode=block
Cache-Control: no-cache, no-store, max-age=0, must-revalidate
Pragma: no-cache
Expires: 0
Strict-Transport-Security: max-age=31536000 ; includeSubDomains
X-Frame-Options: DENY
Content-Type: application/json
Transfer-Encoding: chunked
Date: Wed, 22 May 2024 18:58:30 GMT
Via: 1.1 vegur

{
    "status": "400 BAD_REQUEST",
    "message": "Contact number is already in use by another user"
}
9
HTTP/1.1 400 
Server: Cowboy
Report-To: {"group":"heroku-nel","max_age":3600,"endpoints":[{"url":"https://nel.heroku.com/reports?ts=1716404311&sid=e11707d5-02a7-43ef-b45e-2cf4d2036f7d&s=Jl2RP4ygTL9gkMEDZsX%2FcExHcVwwv2MI7egnCMbbVRg%3D"}]}
Reporting-Endpoints: heroku-nel=https://nel.heroku.com/reports?ts=1716404311&sid=e11707d5-02a7-43ef-b45e-2cf4d2036f7d&s=Jl2RP4ygTL9gkMEDZsX%2FcExHcVwwv2MI7egnCMbbVRg%3D
Nel: {"report_to":"heroku-nel","max_age":3600,"success_fraction":0.005,"failure_fraction":0.05,"response_headers":["Via"]}
Connection: keep-alive
Set-Cookie: JSESSIONID=DDACE6E434484C341EEEC8DE76EF1C6E; Path=/; Secure; HttpOnly
X-Content-Type-Options: nosniff
X-Xss-Protection: 1; mode=block
Cache-Control: no-cache, no-store, max-age=0, must-revalidate
Pragma: no-cache
Expires: 0
Strict-Transport-Security: max-age=31536000 ; includeSubDomains
X-Frame-Options: DENY
Content-Type: application/json
Transfer-Encoding: chunked
Date: Wed, 22 May 2024 18:58:30 GMT
Via: 1.1 vegur

{
    "status": "400 BAD_REQUEST",
    "message": "Contact number is already in use by another user"
}
10
HTTP/1.1 400 
Server: Cowboy
Report-To: {"group":"heroku-nel","max_age":3600,"endpoints":[{"url":"https://nel.heroku.com/reports?ts=1716404311&sid=e11707d5-02a7-43ef-b45e-2cf4d2036f7d&s=Jl2RP4ygTL9gkMEDZsX%2FcExHcVwwv2MI7egnCMbbVRg%3D"}]}
Reporting-Endpoints: heroku-nel=https://nel.heroku.com/reports?ts=1716404311&sid=e11707d5-02a7-43ef-b45e-2cf4d2036f7d&s=Jl2RP4ygTL9gkMEDZsX%2FcExHcVwwv2MI7egnCMbbVRg%3D
Nel: {"report_to":"heroku-nel","max_age":3600,"success_fraction":0.005,"failure_fraction":0.05,"response_headers":["Via"]}
Connection: keep-alive
Set-Cookie: JSESSIONID=8C641106C68A9871B1B91E2A4777CD59; Path=/; Secure; HttpOnly
X-Content-Type-Options: nosniff
X-Xss-Protection: 1; mode=block
Cache-Control: no-cache, no-store, max-age=0, must-revalidate
Pragma: no-cache
Expires: 0
Strict-Transport-Security: max-age=31536000 ; includeSubDomains
X-Frame-Options: DENY
Content-Type: application/json
Transfer-Encoding: chunked
Date: Wed, 22 May 2024 18:58:31 GMT
Via: 1.1 vegur

{
    "status": "400 BAD_REQUEST",
    "message": "Contact number is already in use by another user"
}
11
HTTP/1.1 400 
Server: Cowboy
Report-To: {"group":"heroku-nel","max_age":3600,"endpoints":[{"url":"https://nel.heroku.com/reports?ts=1716404311&sid=e11707d5-02a7-43ef-b45e-2cf4d2036f7d&s=Jl2RP4ygTL9gkMEDZsX%2FcExHcVwwv2MI7egnCMbbVRg%3D"}]}
Reporting-Endpoints: heroku-nel=https://nel.heroku.com/reports?ts=1716404311&sid=e11707d5-02a7-43ef-b45e-2cf4d2036f7d&s=Jl2RP4ygTL9gkMEDZsX%2FcExHcVwwv2MI7egnCMbbVRg%3D
Nel: {"report_to":"heroku-nel","max_age":3600,"success_fraction":0.005,"failure_fraction":0.05,"response_headers":["Via"]}
Connection: keep-alive
Set-Cookie: JSESSIONID=BD33E809B5D307C862BA6BE74EC0BFB8; Path=/; Secure; HttpOnly
X-Content-Type-Options: nosniff
X-Xss-Protection: 1; mode=block
Cache-Control: no-cache, no-store, max-age=0, must-revalidate
Pragma: no-cache
Expires: 0
Strict-Transport-Security: max-age=31536000 ; includeSubDomains
X-Frame-Options: DENY
Content-Type: application/json
Transfer-Encoding: chunked
Date: Wed, 22 May 2024 18:58:31 GMT
Via: 1.1 vegur

{
    "status": "400 BAD_REQUEST",
    "message": "Phone Number is required and should contains 10 numeric values only"
}
12
HTTP/1.1 400 
Server: Cowboy
Report-To: {"group":"heroku-nel","max_age":3600,"endpoints":[{"url":"https://nel.heroku.com/reports?ts=1716404312&sid=e11707d5-02a7-43ef-b45e-2cf4d2036f7d&s=9CF7BN6PSWPsNVMehxkbqZOKcVvIYkNH6Y4y5t%2BmAsA%3D"}]}
Reporting-Endpoints: heroku-nel=https://nel.heroku.com/reports?ts=1716404312&sid=e11707d5-02a7-43ef-b45e-2cf4d2036f7d&s=9CF7BN6PSWPsNVMehxkbqZOKcVvIYkNH6Y4y5t%2BmAsA%3D
Nel: {"report_to":"heroku-nel","max_age":3600,"success_fraction":0.005,"failure_fraction":0.05,"response_headers":["Via"]}
Connection: keep-alive
Set-Cookie: JSESSIONID=73E46360FBCEBEC6C39B15EABD69959A; Path=/; Secure; HttpOnly
X-Content-Type-Options: nosniff
X-Xss-Protection: 1; mode=block
Cache-Control: no-cache, no-store, max-age=0, must-revalidate
Pragma: no-cache
Expires: 0
Strict-Transport-Security: max-age=31536000 ; includeSubDomains
X-Frame-Options: DENY
Content-Type: application/json
Transfer-Encoding: chunked
Date: Wed, 22 May 2024 18:58:32 GMT
Via: 1.1 vegur

{
    "status": "400 BAD_REQUEST",
    "message": "Phone Number is required and should contains 10 numeric values only"
}
13
HTTP/1.1 400 
Server: Cowboy
Report-To: {"group":"heroku-nel","max_age":3600,"endpoints":[{"url":"https://nel.heroku.com/reports?ts=1716404312&sid=e11707d5-02a7-43ef-b45e-2cf4d2036f7d&s=9CF7BN6PSWPsNVMehxkbqZOKcVvIYkNH6Y4y5t%2BmAsA%3D"}]}
Reporting-Endpoints: heroku-nel=https://nel.heroku.com/reports?ts=1716404312&sid=e11707d5-02a7-43ef-b45e-2cf4d2036f7d&s=9CF7BN6PSWPsNVMehxkbqZOKcVvIYkNH6Y4y5t%2BmAsA%3D
Nel: {"report_to":"heroku-nel","max_age":3600,"success_fraction":0.005,"failure_fraction":0.05,"response_headers":["Via"]}
Connection: keep-alive
Set-Cookie: JSESSIONID=8AF5A2B4B392809A550E342F54631368; Path=/; Secure; HttpOnly
X-Content-Type-Options: nosniff
X-Xss-Protection: 1; mode=block
Cache-Control: no-cache, no-store, max-age=0, must-revalidate
Pragma: no-cache
Expires: 0
Strict-Transport-Security: max-age=31536000 ; includeSubDomains
X-Frame-Options: DENY
Content-Type: application/json
Transfer-Encoding: chunked
Date: Wed, 22 May 2024 18:58:32 GMT
Via: 1.1 vegur

{
    "status": "400 BAD_REQUEST",
    "message": "Contact number is already in use by another user"
}
]]></system-out>
  </testcase>
  <testcase name="testPOSTInvalidRequests" classname="api.test.userPOSTInvalidTest" time="0.857">
    <failure message="Expected status to be 400 but found: 409 expected [400] but found [409]" type="java.lang.AssertionError"><![CDATA[java.lang.AssertionError: Expected status to be 400 but found: 409 expected [400] but found [409]
	at org.testng.Assert.fail(Assert.java:111)
	at org.testng.Assert.failNotEquals(Assert.java:1578)
	at org.testng.Assert.assertEqualsImpl(Assert.java:150)
	at org.testng.Assert.assertEquals(Assert.java:132)
	at org.testng.Assert.assertEquals(Assert.java:1419)
	at org.testng.Assert.assertEquals(Assert.java:1383)
	at api.test.userPOSTInvalidTest.performPutRequest(userPOSTInvalidTest.java:105)
	at api.test.userPOSTInvalidTest.testPOSTInvalidRequests(userPOSTInvalidTest.java:80)
	at java.base/jdk.internal.reflect.DirectMethodHandleAccessor.invoke(DirectMethodHandleAccessor.java:103)
	at java.base/java.lang.reflect.Method.invoke(Method.java:580)
	at org.testng.internal.invokers.MethodInvocationHelper.invokeMethod(MethodInvocationHelper.java:141)
	at org.testng.internal.invokers.TestInvoker.invokeMethod(TestInvoker.java:686)
	at org.testng.internal.invokers.TestInvoker.invokeTestMethod(TestInvoker.java:230)
	at org.testng.internal.invokers.MethodRunner.runInSequence(MethodRunner.java:63)
	at org.testng.internal.invokers.TestInvoker$MethodInvocationAgent.invoke(TestInvoker.java:992)
	at org.testng.internal.invokers.TestInvoker.invokeTestMethods(TestInvoker.java:203)
	at org.testng.internal.invokers.TestMethodWorker.invokeTestMethods(TestMethodWorker.java:154)
	at org.testng.internal.invokers.TestMethodWorker.run(TestMethodWorker.java:134)
	at java.base/java.util.ArrayList.forEach(ArrayList.java:1596)
	at org.testng.TestRunner.privateRun(TestRunner.java:739)
	at org.testng.TestRunner.run(TestRunner.java:614)
	at org.testng.SuiteRunner.runTest(SuiteRunner.java:421)
	at org.testng.SuiteRunner.runSequentially(SuiteRunner.java:413)
	at org.testng.SuiteRunner.privateRun(SuiteRunner.java:373)
	at org.testng.SuiteRunner.run(SuiteRunner.java:312)
	at org.testng.SuiteRunnerWorker.runSuite(SuiteRunnerWorker.java:52)
	at org.testng.SuiteRunnerWorker.run(SuiteRunnerWorker.java:95)
	at org.testng.TestNG.runSuitesSequentially(TestNG.java:1274)
	at org.testng.TestNG.runSuitesLocally(TestNG.java:1208)
	at org.testng.TestNG.runSuites(TestNG.java:1112)
	at org.testng.TestNG.run(TestNG.java:1079)
	at org.apache.maven.surefire.testng.TestNGExecutor.run(TestNGExecutor.java:308)
	at org.apache.maven.surefire.testng.TestNGXmlTestSuite.execute(TestNGXmlTestSuite.java:71)
	at org.apache.maven.surefire.testng.TestNGProvider.invoke(TestNGProvider.java:113)
	at org.apache.maven.surefire.booter.ForkedBooter.runSuitesInProcess(ForkedBooter.java:385)
	at org.apache.maven.surefire.booter.ForkedBooter.execute(ForkedBooter.java:162)
	at org.apache.maven.surefire.booter.ForkedBooter.run(ForkedBooter.java:507)
	at org.apache.maven.surefire.booter.ForkedBooter.main(ForkedBooter.java:495)
]]></failure>
    <system-out><![CDATA[HTTP/1.1 400 
Server: Cowboy
Report-To: {"group":"heroku-nel","max_age":3600,"endpoints":[{"url":"https://nel.heroku.com/reports?ts=1716404313&sid=e11707d5-02a7-43ef-b45e-2cf4d2036f7d&s=54wjzUWTOcxybk0MYiBbl4hSk4vR33EUC6%2BA6oNFml4%3D"}]}
Reporting-Endpoints: heroku-nel=https://nel.heroku.com/reports?ts=1716404313&sid=e11707d5-02a7-43ef-b45e-2cf4d2036f7d&s=54wjzUWTOcxybk0MYiBbl4hSk4vR33EUC6%2BA6oNFml4%3D
Nel: {"report_to":"heroku-nel","max_age":3600,"success_fraction":0.005,"failure_fraction":0.05,"response_headers":["Via"]}
Connection: keep-alive
Set-Cookie: JSESSIONID=728DBB16E740A8E007DE6AB7D4BFB96D; Path=/; Secure; HttpOnly
X-Content-Type-Options: nosniff
X-Xss-Protection: 1; mode=block
Cache-Control: no-cache, no-store, max-age=0, must-revalidate
Pragma: no-cache
Expires: 0
Strict-Transport-Security: max-age=31536000 ; includeSubDomains
X-Frame-Options: DENY
Content-Type: application/json
Transfer-Encoding: chunked
Date: Wed, 22 May 2024 18:58:32 GMT
Via: 1.1 vegur

{
    "status": "400 BAD_REQUEST",
    "message": "Phone Number is required and should contains 10 numeric values only"
}
HTTP/1.1 409 
Server: Cowboy
Report-To: {"group":"heroku-nel","max_age":3600,"endpoints":[{"url":"https://nel.heroku.com/reports?ts=1716404313&sid=e11707d5-02a7-43ef-b45e-2cf4d2036f7d&s=54wjzUWTOcxybk0MYiBbl4hSk4vR33EUC6%2BA6oNFml4%3D"}]}
Reporting-Endpoints: heroku-nel=https://nel.heroku.com/reports?ts=1716404313&sid=e11707d5-02a7-43ef-b45e-2cf4d2036f7d&s=54wjzUWTOcxybk0MYiBbl4hSk4vR33EUC6%2BA6oNFml4%3D
Nel: {"report_to":"heroku-nel","max_age":3600,"success_fraction":0.005,"failure_fraction":0.05,"response_headers":["Via"]}
Connection: keep-alive
Set-Cookie: JSESSIONID=3CEE9D37102CFC64A3C5B30169F36C94; Path=/; Secure; HttpOnly
X-Content-Type-Options: nosniff
X-Xss-Protection: 1; mode=block
Cache-Control: no-cache, no-store, max-age=0, must-revalidate
Pragma: no-cache
Expires: 0
Strict-Transport-Security: max-age=31536000 ; includeSubDomains
X-Frame-Options: DENY
Content-Type: application/json
Transfer-Encoding: chunked
Date: Wed, 22 May 2024 18:58:33 GMT
Via: 1.1 vegur

{
    "status": "409 CONFLICT",
    "message": "User already exist with same contact number"
}
]]></system-out>
  </testcase>
</testsuite>